<?xml version="1.0" encoding="UTF-8"?>
<testng-results ignored="0" total="2" passed="2" failed="0" skipped="0">
  <reporter-output>
  </reporter-output>
  <suite started-at="2020-11-03T10:26:34 EST" name="Default suite" finished-at="2020-11-03T10:26:41 EST" duration-ms="7577">
    <groups>
    </groups>
    <test started-at="2020-11-03T10:26:34 EST" name="Default test" finished-at="2020-11-03T10:26:41 EST" duration-ms="7577">
      <class name="tests.AutoCompleteTest">
        <test-method is-config="true" signature="browserAndUrl()[pri:0, instance:tests.AutoCompleteTest@7ee955a8]" started-at="2020-11-03T10:26:34 EST" name="browserAndUrl" finished-at="2020-11-03T10:26:34 EST" duration-ms="122" status="PASS">
          <reporter-output>
          </reporter-output>
        </test-method> <!-- browserAndUrl -->
        <test-method signature="runChrome()[pri:0, instance:tests.AutoCompleteTest@7ee955a8]" started-at="2020-11-03T10:26:34 EST" name="runChrome" finished-at="2020-11-03T10:26:36 EST" duration-ms="2385" status="PASS">
          <reporter-output>
          </reporter-output>
        </test-method> <!-- runChrome -->
        <test-method is-config="true" signature="tearDown(org.testng.ITestResult)[pri:0, instance:tests.AutoCompleteTest@7ee955a8]" started-at="2020-11-03T10:26:36 EST" name="tearDown" finished-at="2020-11-03T10:26:37 EST" duration-ms="785" status="PASS">
          <params>
            <param index="0">
              <value>
                <![CDATA[[TestResult name=runChrome status=SUCCESS method=AutoCompleteTest.runChrome()[pri:0, instance:tests.AutoCompleteTest@7ee955a8] output={null}]]]>
              </value>
            </param>
          </params>
          <reporter-output>
          </reporter-output>
        </test-method> <!-- tearDown -->
        <test-method is-config="true" signature="browserAndUrl()[pri:0, instance:tests.AutoCompleteTest@7ee955a8]" started-at="2020-11-03T10:26:37 EST" name="browserAndUrl" finished-at="2020-11-03T10:26:37 EST" duration-ms="1" status="PASS">
          <reporter-output>
          </reporter-output>
        </test-method> <!-- browserAndUrl -->
        <test-method signature="runFirefox()[pri:0, instance:tests.AutoCompleteTest@7ee955a8]" started-at="2020-11-03T10:26:37 EST" name="runFirefox" finished-at="2020-11-03T10:26:41 EST" duration-ms="3574" status="PASS">
          <reporter-output>
          </reporter-output>
        </test-method> <!-- runFirefox -->
        <test-method is-config="true" signature="tearDown(org.testng.ITestResult)[pri:0, instance:tests.AutoCompleteTest@7ee955a8]" started-at="2020-11-03T10:26:41 EST" name="tearDown" finished-at="2020-11-03T10:26:41 EST" duration-ms="685" status="PASS">
          <params>
            <param index="0">
              <value>
                <![CDATA[[TestResult name=runFirefox status=SUCCESS method=AutoCompleteTest.runFirefox()[pri:0, instance:tests.AutoCompleteTest@7ee955a8] output={null}]]]>
              </value>
            </param>
          </params>
          <reporter-output>
          </reporter-output>
        </test-method> <!-- tearDown -->
      </class> <!-- tests.AutoCompleteTest -->
    </test> <!-- Default test -->
  </suite> <!-- Default suite -->
</testng-results>
